<?xml version="1.0" encoding="UTF-8"?>
<!-- Generated by org.testng.reporters.JUnitXMLReporter -->
<testsuite hostname="DESKTOP-QR4NIPM" ignored="0" name="Default test" tests="3" failures="0" timestamp="14 Mar 2021 01:21:30 GMT" time="16.346" errors="0">
  <testcase name="verifyLoginPageTitleTest" time="0.142" classname="com.qa.tests.LoginPageTest"/>
  <testcase name="verifyForgotLinkDisplaytest" time="0.156" classname="com.qa.tests.LoginPageTest"/>
  <testcase name="loginTest" time="1.479" classname="com.qa.tests.LoginPageTest"/>
</testsuite> <!-- Default test -->
