<?xml version="1.0" encoding="UTF-8"?>
<!-- Generated by org.testng.reporters.JUnitXMLReporter -->
<testsuite hostname="DESKTOP-QR4NIPM" ignored="0" name="Default test" tests="4" failures="0" timestamp="20 Mar 2021 23:53:01 GMT" time="29.51" errors="0">
  <testcase name="searchProductTest" time="7.498" classname="com.qa.tests.AccountPageTest"/>
  <testcase name="verifyAccountPageHeaderTextTest" time="1.506" classname="com.qa.tests.AccountPageTest"/>
  <testcase name="verifyPageTitleTest" time="1.447" classname="com.qa.tests.AccountPageTest"/>
  <testcase name="verifyAccountSectionListTest" time="1.543" classname="com.qa.tests.AccountPageTest"/>
</testsuite> <!-- Default test -->
